2020年12月21日 15:46:22 DEBUG [app]: "adasd"
2020年12月21日 15:46:22 DEBUG [app]: "adasd"
2020年12月21日 15:46:22 DEBUG [app]: "adasd"
2020年12月21日 15:46:22 DEBUG [app]: "adasd"
2020年12月21日 15:46:22 DEBUG [app]: "adasd"
2020年12月21日 15:46:22 DEBUG [app]: "adasd"
2020年12月21日 15:46:22 DEBUG [app]: "adasd"
2020年12月21日 15:46:22 DEBUG [app]: "adasd"
2020年12月21日 15:46:22 DEBUG [app]: "adasd"
2020年12月21日 15:46:22 DEBUG [app]: "adasd"
2020年12月21日 15:46:22 DEBUG [app]: "adasd"
2020年12月21日 15:46:22 DEBUG [app]: "adasd"
2020年12月21日 15:46:22 DEBUG [app]: "adasd"
2020年12月21日 15:46:22 ERROR [ERROR_DEFAULT]: 
Error: ssa
    at Server.<anonymous> (C:\Users\slx\Desktop\work\node-ts-koa-template\index.ts:24:9)
    at Object.onceWrapper (events.js:417:28)
    at Server.emit (events.js:311:20)
    at Server.EventEmitter.emit (domain.js:482:12)
    at emitListeningNT (net.js:1343:10)
    at processTicksAndRejections (internal/process/task_queues.js:83:21)
2020年12月21日 15:46:22 DEBUG [app]: "adasd"
2020年12月21日 15:46:26 DEBUG [app]: "adasd"
2020年12月21日 15:46:26 DEBUG [app]: "adasd"
2020年12月21日 15:46:26 DEBUG [app]: "adasd"
2020年12月21日 15:46:26 DEBUG [app]: "adasd"
2020年12月21日 15:46:26 DEBUG [app]: "adasd"
2020年12月21日 15:46:26 DEBUG [app]: "adasd"
2020年12月21日 15:46:26 DEBUG [app]: "adasd"
2020年12月21日 15:46:26 DEBUG [app]: "adasd"
2020年12月21日 15:46:26 DEBUG [app]: "adasd"
2020年12月21日 15:46:26 DEBUG [app]: "adasd"
2020年12月21日 15:46:26 DEBUG [app]: "adasd"
2020年12月21日 15:46:26 DEBUG [app]: "adasd"
2020年12月21日 15:46:26 DEBUG [app]: "adasd"
2020年12月21日 15:46:26 DEBUG [app]: "adasd"
2020年12月21日 15:46:26 ERROR [ERROR_DEFAULT]: 
Error: ssa
    at Server.<anonymous> (C:\Users\slx\Desktop\work\node-ts-koa-template\index.ts:24:9)
    at Object.onceWrapper (events.js:417:28)
    at Server.emit (events.js:311:20)
    at Server.EventEmitter.emit (domain.js:482:12)
    at emitListeningNT (net.js:1343:10)
    at processTicksAndRejections (internal/process/task_queues.js:83:21)
2020年12月21日 15:46:5252 DEBUG [app]: "adasd"
2020年12月21日 15:46:5252 DEBUG [app]: "adasd"
2020年12月21日 15:46:5252 DEBUG [app]: "adasd"
2020年12月21日 15:46:5252 DEBUG [app]: "adasd"
2020年12月21日 15:46:5252 DEBUG [app]: "adasd"
2020年12月21日 15:46:5252 DEBUG [app]: "adasd"
2020年12月21日 15:46:5252 DEBUG [app]: "adasd"
2020年12月21日 15:46:5252 DEBUG [app]: "adasd"
2020年12月21日 15:46:5252 DEBUG [app]: "adasd"
2020年12月21日 15:46:5252 DEBUG [app]: "adasd"
2020年12月21日 15:46:5252 DEBUG [app]: "adasd"
2020年12月21日 15:46:5252 DEBUG [app]: "adasd"
2020年12月21日 15:46:5252 DEBUG [app]: "adasd"
2020年12月21日 15:46:5252 DEBUG [app]: "adasd"
2020年12月21日 15:46:5252 ERROR [ERROR_DEFAULT]: 
Error: ssa
    at Server.<anonymous> (C:\Users\slx\Desktop\work\node-ts-koa-template\index.ts:24:9)
    at Object.onceWrapper (events.js:417:28)
    at Server.emit (events.js:311:20)
    at Server.EventEmitter.emit (domain.js:482:12)
    at emitListeningNT (net.js:1343:10)
    at processTicksAndRejections (internal/process/task_queues.js:83:21)
2020年12月21日 15:47:26.9 DEBUG [app]: "adasd"
2020年12月21日 15:47:26.9 DEBUG [app]: "adasd"
2020年12月21日 15:47:26.9 DEBUG [app]: "adasd"
2020年12月21日 15:47:26.9 DEBUG [app]: "adasd"
2020年12月21日 15:47:26.9 DEBUG [app]: "adasd"
2020年12月21日 15:47:26.9 DEBUG [app]: "adasd"
2020年12月21日 15:47:26.9 DEBUG [app]: "adasd"
2020年12月21日 15:47:26.9 DEBUG [app]: "adasd"
2020年12月21日 15:47:26.9 DEBUG [app]: "adasd"
2020年12月21日 15:47:26.9 DEBUG [app]: "adasd"
2020年12月21日 15:47:26.9 DEBUG [app]: "adasd"
2020年12月21日 15:47:26.9 DEBUG [app]: "adasd"
2020年12月21日 15:47:26.9 DEBUG [app]: "adasd"
2020年12月21日 15:47:26.9 DEBUG [app]: "adasd"
2020年12月21日 15:47:26.9 ERROR [ERROR_DEFAULT]: 
Error: ssa
    at Server.<anonymous> (C:\Users\slx\Desktop\work\node-ts-koa-template\index.ts:24:9)
    at Object.onceWrapper (events.js:417:28)
    at Server.emit (events.js:311:20)
    at Server.EventEmitter.emit (domain.js:482:12)
    at emitListeningNT (net.js:1343:10)
    at processTicksAndRejections (internal/process/task_queues.js:83:21)
2020年12月21日 15:48:03.12 DEBUG [app]: "adasd"
2020年12月21日 15:48:03.13 DEBUG [app]: "adasd"
2020年12月21日 15:48:03.13 DEBUG [app]: "adasd"
2020年12月21日 15:48:03.13 DEBUG [app]: "adasd"
2020年12月21日 15:48:03.13 DEBUG [app]: "adasd"
2020年12月21日 15:48:03.13 DEBUG [app]: "adasd"
2020年12月21日 15:48:03.13 DEBUG [app]: "adasd"
2020年12月21日 15:48:03.13 DEBUG [app]: "adasd"
2020年12月21日 15:48:03.13 DEBUG [app]: "adasd"
2020年12月21日 15:48:03.13 DEBUG [app]: "adasd"
2020年12月21日 15:48:03.13 DEBUG [app]: "adasd"
2020年12月21日 15:48:03.13 DEBUG [app]: "adasd"
2020年12月21日 15:48:03.13 DEBUG [app]: "adasd"
2020年12月21日 15:48:03.13 DEBUG [app]: "adasd"
2020年12月21日 15:48:03.13 ERROR [ERROR_DEFAULT]: 
Error: ssa
    at Server.<anonymous> (C:\Users\slx\Desktop\work\node-ts-koa-template\index.ts:24:9)
    at Object.onceWrapper (events.js:417:28)
    at Server.emit (events.js:311:20)
    at Server.EventEmitter.emit (domain.js:482:12)
    at emitListeningNT (net.js:1343:10)
    at processTicksAndRejections (internal/process/task_queues.js:83:21)
2020年12月21日 15:48:59.27 DEBUG [app]: "adasd"
2020年12月21日 15:48:59.28 DEBUG [app]: "adasd"
2020年12月21日 15:48:59.28 DEBUG [app]: "adasd"
2020年12月21日 15:48:59.28 DEBUG [app]: "adasd"
2020年12月21日 15:48:59.28 DEBUG [app]: "adasd"
2020年12月21日 15:48:59.28 DEBUG [app]: "adasd"
2020年12月21日 15:48:59.28 DEBUG [app]: "adasd"
2020年12月21日 15:48:59.28 DEBUG [app]: "adasd"
2020年12月21日 15:48:59.28 DEBUG [app]: "adasd"
2020年12月21日 15:48:59.28 DEBUG [app]: "adasd"
2020年12月21日 15:48:59.28 DEBUG [app]: "adasd"
2020年12月21日 15:48:59.28 DEBUG [app]: "adasd"
2020年12月21日 15:48:59.28 DEBUG [app]: "adasd"
2020年12月21日 15:48:59.28 DEBUG [app]: "adasd"
2020年12月21日 15:48:59.28 ERROR [ERROR_DEFAULT]: 
Error: ssa
    at Server.<anonymous> (C:\Users\slx\Desktop\work\node-ts-koa-template\index.ts:24:9)
    at Object.onceWrapper (events.js:417:28)
    at Server.emit (events.js:311:20)
    at Server.EventEmitter.emit (domain.js:482:12)
    at emitListeningNT (net.js:1343:10)
    at processTicksAndRejections (internal/process/task_queues.js:83:21)
2020年12月21日 15:49:16 DEBUG [app]: "adasd"
2020年12月21日 15:49:16 DEBUG [app]: "adasd"
2020年12月21日 15:49:16 DEBUG [app]: "adasd"
2020年12月21日 15:49:16 DEBUG [app]: "adasd"
2020年12月21日 15:49:16 DEBUG [app]: "adasd"
2020年12月21日 15:49:16 DEBUG [app]: "adasd"
2020年12月21日 15:49:16 DEBUG [app]: "adasd"
2020年12月21日 15:49:16 DEBUG [app]: "adasd"
2020年12月21日 15:49:16 DEBUG [app]: "adasd"
2020年12月21日 15:49:16 DEBUG [app]: "adasd"
2020年12月21日 15:49:16 DEBUG [app]: "adasd"
2020年12月21日 15:49:16 DEBUG [app]: "adasd"
2020年12月21日 15:49:16 DEBUG [app]: "adasd"
2020年12月21日 15:49:16 DEBUG [app]: "adasd"
2020年12月21日 15:49:16 ERROR [ERROR_DEFAULT]: 
Error: ssa
    at Server.<anonymous> (C:\Users\slx\Desktop\work\node-ts-koa-template\index.ts:24:9)
    at Object.onceWrapper (events.js:417:28)
    at Server.emit (events.js:311:20)
    at Server.EventEmitter.emit (domain.js:482:12)
    at emitListeningNT (net.js:1343:10)
    at processTicksAndRejections (internal/process/task_queues.js:83:21)
2020年12月21日 15:49:50 DEBUG [app]: "adasd"
2020年12月21日 15:51:00 DEBUG [index_tag]: "server running in http://localhost:8080"
